GET /api/workSpace 200 2302 - 503.733 ms  -  Fri, 13 Oct 2023 12:55:56 IST
GET /api/allworkSpaceAnalysis 200 146 - 510.609 ms  -  Fri, 13 Oct 2023 12:55:56 IST
GET /api/revenueallworkSpaceAnalysis 200 174 - 724.195 ms  -  Fri, 13 Oct 2023 12:55:56 IST
GET /api/user/profile 200 155 - 136.069 ms  -  Fri, 13 Oct 2023 12:55:59 IST
GET /api/workSpace 304 - - 87.591 ms  -  Fri, 13 Oct 2023 12:56:00 IST
GET /api/allworkSpaceAnalysis 304 - - 86.006 ms  -  Fri, 13 Oct 2023 12:56:00 IST
GET /api/revenueallworkSpaceAnalysis 304 - - 89.250 ms  -  Fri, 13 Oct 2023 12:56:00 IST
GET /api/publicworkSpaces 200 11820 - 93.004 ms  -  Fri, 13 Oct 2023 12:56:02 IST
GET /api/spaceType/651e31190d415c33cc50f76a 304 - - 63.435 ms  -  Fri, 13 Oct 2023 12:56:04 IST
GET /api/reviews/651e31190d415c33cc50f76a 200 304 - 108.803 ms  -  Fri, 13 Oct 2023 12:56:04 IST
GET /api/workSpace/651e31190d415c33cc50f76a 200 1323 - 168.191 ms  -  Fri, 13 Oct 2023 12:56:04 IST
GET /api/spaces/651e31190d415c33cc50f76a 200 10764 - 456.361 ms  -  Fri, 13 Oct 2023 12:56:05 IST
GET /api/publicworkSpaces 304 - - 98.975 ms  -  Fri, 13 Oct 2023 12:56:08 IST
GET /api/user/profile 304 - - 117.905 ms  -  Fri, 13 Oct 2023 12:56:12 IST
GET /api/publicworkSpaces 304 - - 725.787 ms  -  Fri, 13 Oct 2023 12:56:14 IST
POST /api/user/Login 200 187 - 154.771 ms  application/json  Fri, 13 Oct 2023 12:56:23 IST
GET /api/user/Account 200 93 - 124.058 ms  -  Fri, 13 Oct 2023 12:56:23 IST
GET /api/publicworkSpaces 304 - - 177.963 ms  -  Fri, 13 Oct 2023 12:56:23 IST
GET /api/workSpace?sort=&filter= 200 11820 - 403.152 ms  -  Fri, 13 Oct 2023 12:56:27 IST
GET /api/all-cart-Items 200 2 - 183.724 ms  -  Fri, 13 Oct 2023 12:56:33 IST
GET /api/user/profile 200 17146 - 149.061 ms  -  Fri, 13 Oct 2023 12:56:34 IST
GET /api/workSpace?sort=&filter= 304 - - 1462.670 ms  -  Fri, 13 Oct 2023 12:56:39 IST
GET /api/publicworkSpaces 304 - - 100.866 ms  -  Fri, 13 Oct 2023 12:56:40 IST
GET /api/user/profile 304 - - 145.168 ms  -  Fri, 13 Oct 2023 12:56:41 IST
GET /api/publicworkSpaces 304 - - 90.227 ms  -  Fri, 13 Oct 2023 12:56:48 IST
GET /api/mapWorkSpaces 200 2579 - 114.120 ms  -  Fri, 13 Oct 2023 15:01:45 IST
GET /api/publicworkSpaces 304 - - 191.933 ms  -  Fri, 13 Oct 2023 15:01:45 IST
GET /api/mapWorkSpaces 200 2579 - 45.813 ms  -  Fri, 13 Oct 2023 15:01:50 IST
GET /api/publicworkSpaces 200 11820 - 90.687 ms  -  Fri, 13 Oct 2023 15:01:50 IST
GET /api/publicworkSpaces 304 - - 93.645 ms  -  Fri, 13 Oct 2023 15:02:28 IST
